[backblue.gif]
[fade.gif]
[index.html]
[uploads-ssl.webflow.com/625da196829bd47495adff38/css/mass-art.webflow.336bfe070.min.css]
[uploads-ssl.webflow.com/625da196829bd47495adff38/6287a91828f46a7d9e9eb654_Group 166.png]
[uploads-ssl.webflow.com/625da196829bd47495adff38/6287a93dbc2a67784f0dd8d9_Group 167.png]
[cdn.jsdelivr.net/npm/@finsweet/attributes-cmsload@1/cmsload.js]
[cdn.jsdelivr.net/npm/@finsweet/attributes-cmsfilter@1/cmsfilter.js]
[cdn.jsdelivr.net/npm/@finsweet/attributes-cmscombine@1/cmscombine.js]
[bfa2022.massartphotography.org/foreword.html]
[bfa2022.massartphotography.org/info.html]
[uploads-ssl.webflow.com/625da671132e422bfdf806ce/625dd3679f1488b6ce74b0d0_uc.jpg]
[uploads-ssl.webflow.com/625da671132e422bfdf806ce/625dd363ecf8bd35ce182a89_uc.jpg]
[uploads-ssl.webflow.com/625da671132e422bfdf806ce/625dae497b6e951487d5ebdc_uc.jpg]
[uploads-ssl.webflow.com/625da671132e422bfdf806ce/625dd3c6f33c613285d14579_uc.jpg]
[uploads-ssl.webflow.com/625da671132e422bfdf806ce/625dd3b8b3e1782673d52dd2_uc.jpg]
[uploads-ssl.webflow.com/625da671132e422bfdf806ce/625dd34534e6bb00d6becb0e_uc.jpg]
[uploads-ssl.webflow.com/625da671132e422bfdf806ce/625dd39209b2107e91470714_uc.jpg]
[uploads-ssl.webflow.com/625da671132e422bfdf806ce/625dd3313fb88d501646e7c5_uc.jpg]
[uploads-ssl.webflow.com/625da671132e422bfdf806ce/625f30dda179149630198c7b_Thompson_Carter-4.jpg]
[uploads-ssl.webflow.com/625da671132e422bfdf806ce/625dd3b29c7e7d43c81b778a_uc.jpg]
[uploads-ssl.webflow.com/625da671132e422bfdf806ce/625dd32663e978c269659003_uc.jpg]
[uploads-ssl.webflow.com/625da671132e422bfdf806ce/625dd32d9f1488a8d074af77_uc.jpg]
[uploads-ssl.webflow.com/625da671132e422bfdf806ce/625dd34777c2b22d8abb163b_uc.jpg]
[uploads-ssl.webflow.com/625da671132e422bfdf806ce/625dd3b69f1488be5174b235_uc.jpg]
[uploads-ssl.webflow.com/625da671132e422bfdf806ce/625dd3b1f1be0e3cca447009_uc.jpg]
[uploads-ssl.webflow.com/625da671132e422bfdf806ce/625dd342d77cae2361519af7_uc.jpg]
[uploads-ssl.webflow.com/625da671132e422bfdf806ce/625dd386eb5db514c4743f97_uc.jpg]
[uploads-ssl.webflow.com/625da671132e422bfdf806ce/625dd352a3f00bbe3e5b2341_uc.jpg]
[uploads-ssl.webflow.com/625da671132e422bfdf806ce/625dd3180b2fdb6eaf0f3687_uc.jpg]
[uploads-ssl.webflow.com/625da671132e422bfdf806ce/625dd3cce6b79e46052ed2d3_uc.jpg]
[uploads-ssl.webflow.com/625da671132e422bfdf806ce/625dae4f68f2c7dd041ecb85_uc.jpg]
[uploads-ssl.webflow.com/625da671132e422bfdf806ce/625dd372cd8c84492231cadd_uc.jpg]
[uploads-ssl.webflow.com/625da671132e422bfdf806ce/625dae4668f2c74ef51ecb6e_uc.jpg]
[uploads-ssl.webflow.com/625da671132e422bfdf806ce/625dd35fd77caec67a519b8a_uc.jpg]
[uploads-ssl.webflow.com/625da671132e422bfdf806ce/625dd3c409b210d634470855_uc.jpg]
[uploads-ssl.webflow.com/625da671132e422bfdf806ce/625dd3105571c960462d52d0_uc.jpg]
[uploads-ssl.webflow.com/625da671132e422bfdf806ce/625dd3a57e1476ab561fd728_uc.jpg]
[uploads-ssl.webflow.com/625da671132e422bfdf806ce/625dd3b7e22f4a08b021edaa_uc.jpg]
[uploads-ssl.webflow.com/625da671132e422bfdf806ce/625dd3c7001e9f2af8169ae5_uc.jpg]
[uploads-ssl.webflow.com/625da671132e422bfdf806ce/625dd324eb5db56b03743df1_uc.jpg]
[uploads-ssl.webflow.com/625da671132e422bfdf806ce/625dd36aa3f00b0f5c5b241a_uc.jpg]
[uploads-ssl.webflow.com/625da671132e422bfdf806ce/625dd34198809118babd6bfd_uc.jpg]
[uploads-ssl.webflow.com/625da671132e422bfdf806ce/625dd396a05d40533b99387e_uc.jpg]
[uploads-ssl.webflow.com/625da671132e422bfdf806ce/625dd37877c2b203ccbb1732_uc.jpg]
[uploads-ssl.webflow.com/625da671132e422bfdf806ce/625dd33f57ca5a411520bc53_uc.jpg]
[uploads-ssl.webflow.com/625da671132e422bfdf806ce/625dd3776eb13c3ddd83623c_uc.jpg]
[uploads-ssl.webflow.com/625da671132e422bfdf806ce/625dd35be22f4ad7ee21ec5b_uc.jpg]
[uploads-ssl.webflow.com/625da671132e422bfdf806ce/625dd37db3e178f83ad52ba0_uc.jpg]
[uploads-ssl.webflow.com/625da671132e422bfdf806ce/625dd32ee22f4a572921ebed_uc.jpg]
[uploads-ssl.webflow.com/625da671132e422bfdf806ce/625dd38fe6b79e12f82ed1d9_uc.jpg]
[uploads-ssl.webflow.com/625da671132e422bfdf806ce/625dd327001e9f29c316974d_uc.jpg]
[uploads-ssl.webflow.com/625da671132e422bfdf806ce/625dd355ff9efc698687678f_uc.jpg]
[uploads-ssl.webflow.com/625da671132e422bfdf806ce/625dd35e4068d274634e1553_uc.jpg]
[uploads-ssl.webflow.com/625da671132e422bfdf806ce/625dd36da7707570df06687b_uc.jpg]
[uploads-ssl.webflow.com/625da671132e422bfdf806ce/625dd364cd8c84cdb331c7d8_uc.jpg]
[uploads-ssl.webflow.com/625da671132e422bfdf806ce/625dd36bf33c615478d14342_uc.jpg]
[uploads-ssl.webflow.com/625da671132e422bfdf806ce/625dd37be9d486ffaee668c4_uc.jpg]
[uploads-ssl.webflow.com/625da671132e422bfdf806ce/625dd3a9eac0f98574a759c6_uc.jpg]
[uploads-ssl.webflow.com/625da671132e422bfdf806ce/625dd3ae001e9f71f5169a80_uc.jpg]
[uploads-ssl.webflow.com/625da671132e422bfdf806ce/625dd3ca294f09814e3e95b1_uc.jpg]
[uploads-ssl.webflow.com/625da671132e422bfdf806ce/625dd3a2b187248f51061dce_uc.jpg]
[uploads-ssl.webflow.com/625da671132e422bfdf806ce/625dd38eeac0f9ff78a757f5_uc.jpg]
[uploads-ssl.webflow.com/625da671132e422bfdf806ce/625dd348eac0f90967a753d8_uc.jpg]
[uploads-ssl.webflow.com/625da671132e422bfdf806ce/625dd335ff9efc0166876749_uc.jpg]
[uploads-ssl.webflow.com/625da671132e422bfdf806ce/625dd317988091743cbd6b0a_uc.jpg]
[uploads-ssl.webflow.com/625da671132e422bfdf806ce/625dd36e001e9f14c916985f_uc.jpg]
[uploads-ssl.webflow.com/625da671132e422bfdf806ce/625dd358f0dfa583b8b97904_uc.jpg]
[uploads-ssl.webflow.com/625da671132e422bfdf806ce/625dd336585c7ff94788f4fa_uc.jpg]
[uploads-ssl.webflow.com/625da671132e422bfdf806ce/625dd38c34e6bb7ea8bece1e_uc.jpg]
[uploads-ssl.webflow.com/625da671132e422bfdf806ce/625dd362a05d4030479937ad_uc.jpg]
[uploads-ssl.webflow.com/625da671132e422bfdf806ce/625dd38074d2964dc78aa0ae_uc.jpg]
[uploads-ssl.webflow.com/625da671132e422bfdf806ce/625f30c85a40ef26fedfbbd1_Thompson_Carter-3.jpg]
[uploads-ssl.webflow.com/625da671132e422bfdf806ce/625dd31157ca5a160120ba70_uc.jpg]
[uploads-ssl.webflow.com/625da671132e422bfdf806ce/625dd35c34e6bb45adbecca2_uc.jpg]
[uploads-ssl.webflow.com/625da671132e422bfdf806ce/625dd39c585c7f3f0288f653_uc.jpg]
[uploads-ssl.webflow.com/625da671132e422bfdf806ce/625dd3a4ec9d3d32283e63a0_uc.jpg]
[uploads-ssl.webflow.com/625da671132e422bfdf806ce/625dd3c109b21028c9470844_uc.jpg]
[uploads-ssl.webflow.com/625da671132e422bfdf806ce/625dd3436eb13cd441835bfe_uc.jpg]
[uploads-ssl.webflow.com/625da671132e422bfdf806ce/625dd322a3f00b233d5b22bd_uc.jpg]
[uploads-ssl.webflow.com/625da671132e422bfdf806ce/625dd3533e532def36030d17_uc.jpg]
[uploads-ssl.webflow.com/625da671132e422bfdf806ce/625dd35d77c2b2395cbb169e_uc.jpg]
[uploads-ssl.webflow.com/625da671132e422bfdf806ce/625dd3603e532db8d5030d41_uc.jpg]
[uploads-ssl.webflow.com/625da671132e422bfdf806ce/625dd3c94e696f628004a9e9_uc.jpg]
[uploads-ssl.webflow.com/625da671132e422bfdf806ce/625dd3b45571c9349a2d5772_uc.jpg]
[uploads-ssl.webflow.com/625da671132e422bfdf806ce/625dd32c4e696f470c04a875_uc.jpg]
[uploads-ssl.webflow.com/625da671132e422bfdf806ce/625dd31b001e9f718116971b_uc.jpg]
[uploads-ssl.webflow.com/625da671132e422bfdf806ce/625dd36fff9efc64818768d3_uc.jpg]
[uploads-ssl.webflow.com/625da671132e422bfdf806ce/625dd31aa05d407a5f9934a8_uc.jpg]
[uploads-ssl.webflow.com/625da671132e422bfdf806ce/625dd389b3e178ce55d52c01_uc.jpg]
[uploads-ssl.webflow.com/625da671132e422bfdf806ce/625dd39ef1be0e498d446fcb_uc.jpg]
[uploads-ssl.webflow.com/625da671132e422bfdf806ce/625dd38ce22f4a031421ecc9_uc.jpg]
[uploads-ssl.webflow.com/625da671132e422bfdf806ce/625dd3513feab13f3d2b4023_uc.jpg]
[uploads-ssl.webflow.com/625da671132e422bfdf806ce/625dd30f6eb13c752c835733_uc.jpg]
[uploads-ssl.webflow.com/625da671132e422bfdf806ce/625dae5020a53e93ab9d3a4f_uc.jpg]
[uploads-ssl.webflow.com/625da671132e422bfdf806ce/625dd325f1be0e9a0f446aa9_uc.jpg]
[uploads-ssl.webflow.com/625da671132e422bfdf806ce/625dd315585c7f935288f385_uc.jpg]
[uploads-ssl.webflow.com/625da671132e422bfdf806ce/626ab56470c911912c06491d_Lu_maggie_08.jpg]
[uploads-ssl.webflow.com/625da671132e422bfdf806ce/625dae4cc5ed495b9f0b039c_uc.jpg]
[uploads-ssl.webflow.com/625da671132e422bfdf806ce/625dd354e6b79e8ef02ece9d_uc.jpg]
[uploads-ssl.webflow.com/625da671132e422bfdf806ce/625dd390bfb8634f5f8f6178_uc.jpg]
[uploads-ssl.webflow.com/625da671132e422bfdf806ce/625dd3ad6eb13c5b2c836442_uc.jpg]
[uploads-ssl.webflow.com/625da671132e422bfdf806ce/625dd33a585c7f3de588f501_uc.jpg]
[uploads-ssl.webflow.com/625da671132e422bfdf806ce/625dd33009b210de734705b9_uc.jpg]
[uploads-ssl.webflow.com/625da671132e422bfdf806ce/625dd395e22f4a302c21ecdd_uc.jpg]
[uploads-ssl.webflow.com/625da671132e422bfdf806ce/625dd3c24068d217904e1840_uc.jpg]
[uploads-ssl.webflow.com/625da671132e422bfdf806ce/625dd37fd77cae3b44519be3_uc.jpg]
[uploads-ssl.webflow.com/625da671132e422bfdf806ce/625dd334585c7f1b7b88f4aa_uc.jpg]
[uploads-ssl.webflow.com/625da671132e422bfdf806ce/6266af8632a3924b63a08863_Galluzzi_Lauren_01.jpg]
[uploads-ssl.webflow.com/625da671132e422bfdf806ce/625dae489cad79fbac2003e5_uc.jpg]
[uploads-ssl.webflow.com/625da671132e422bfdf806ce/625dd399e6b79e0a0a2ed1ff_uc.jpg]
[d3e54v103j8qbb.cloudfront.net/js/jquery-3.5.1.min.dc5e7f18c88e60.js]
[bfa2022.massartphotography.org/index.html]
[uploads-ssl.webflow.com/625da196829bd47495adff38/css/mass-art.webflow.336bfe070.min.css]
[bfa2022.massartphotography.org/foreword.html]
[bfa2022.massartphotography.org/info.html]
[uploads-ssl.webflow.com/625da196829bd47495adff38/js/webflow.cd88d32b7.js]
[bfa2022.massartphotography.org/index1d1b.html]
[uploads-ssl.webflow.com/625da671132e422bfdf806ce/625dd33b09b210ff6b4705e2_uc.jpg]
[uploads-ssl.webflow.com/625da671132e422bfdf806ce/625dd39177c2b23956bb17df_uc.jpg]
[uploads-ssl.webflow.com/625da671132e422bfdf806ce/625dd38477d01e38871476a7_uc.jpg]
[uploads-ssl.webflow.com/625da671132e422bfdf806ce/625dd3165571c925d22d52d8_uc.jpg]
[uploads-ssl.webflow.com/625da671132e422bfdf806ce/625dd39498809160c0bd6d28_uc.jpg]
[uploads-ssl.webflow.com/625da671132e422bfdf806ce/625dd382bfb86361498f612f_uc.jpg]
[uploads-ssl.webflow.com/625da671132e422bfdf806ce/625dd365bfb86315078f5f8e_uc.jpg]
[uploads-ssl.webflow.com/625da671132e422bfdf806ce/625dd3144348eff617ef5129_uc.jpg]
[uploads-ssl.webflow.com/625da671132e422bfdf806ce/625dd31c4348ef9d7bef513e_uc.jpg]
[uploads-ssl.webflow.com/625da671132e422bfdf806ce/625dd3733f0448840a0cbf39_uc.jpg]
[uploads-ssl.webflow.com/625da671132e422bfdf806ce/625dd3890b2fdb8dce0f393b_uc.jpg]
[uploads-ssl.webflow.com/625da671132e422bfdf806ce/625dd3ab77d01eeaa71477a0_uc.jpg]
[uploads-ssl.webflow.com/625da671132e422bfdf806ce/625dd3a6a3f00ba2455b2952_uc.jpg]
[uploads-ssl.webflow.com/625da671132e422bfdf806ce/625dd3779880912276bd6cf3_uc.jpg]
[uploads-ssl.webflow.com/625da671132e422bfdf806ce/625dd39b0b2fdb62a00f3a31_uc.jpg]
[uploads-ssl.webflow.com/625da671132e422bfdf806ce/625dd37e294f09d8b83e9470_uc.jpg]
[uploads-ssl.webflow.com/625da671132e422bfdf806ce/625dd347cd8c84300031c79d_uc.jpg]
[uploads-ssl.webflow.com/625da671132e422bfdf806ce/625dd337b3e17883f2d52ae3_uc.jpg]
[uploads-ssl.webflow.com/625da671132e422bfdf806ce/625dd37109b2100f4147066a_uc.jpg]
[uploads-ssl.webflow.com/625da671132e422bfdf806ce/625dd31ea3f00b12a55b22a2_uc.jpg]
[uploads-ssl.webflow.com/625da671132e422bfdf806ce/625dd3a87e147682101fd740_uc.jpg]
[uploads-ssl.webflow.com/625da671132e422bfdf806ce/625dd3afec9d3d29813e63bd_uc.jpg]
[uploads-ssl.webflow.com/625da671132e422bfdf806ce/625dd39734e6bbf38bbece54_uc.jpg]
[uploads-ssl.webflow.com/625da671132e422bfdf806ce/625dae5215d01b38101ed597_uc.jpg]
[uploads-ssl.webflow.com/625da671132e422bfdf806ce/625dae4e4504e2564cad57a0_uc.jpg]
[uploads-ssl.webflow.com/625da671132e422bfdf806ce/625dd383c5d8848176a59fa8_uc.jpg]
[uploads-ssl.webflow.com/625da671132e422bfdf806ce/625dd328abb06cf41441cc9f_uc.jpg]
[uploads-ssl.webflow.com/625da671132e422bfdf806ce/625dd35709b21057ab470629_uc.jpg]
[uploads-ssl.webflow.com/625da671132e422bfdf806ce/625dd366c5d8841cf0a59f5a_uc.jpg]
[uploads-ssl.webflow.com/625da671132e422bfdf806ce/625dd3b9b3e1783aa6d52dd5_uc.jpg]
[uploads-ssl.webflow.com/625da671132e422bfdf806ce/625dd3870b2fdb5a380f3921_uc.jpg]
[uploads-ssl.webflow.com/625da671132e422bfdf806ce/625dd3be5571c985062d579a_uc.jpg]
[uploads-ssl.webflow.com/625da671132e422bfdf806ce/625dd3c5b1872433ab062030_uc.jpg]
[uploads-ssl.webflow.com/625da671132e422bfdf806ce/625dd3b33f04486a060cc267_uc.jpg]
[uploads-ssl.webflow.com/625da671132e422bfdf806ce/625dd32b77c2b2cd50bb15b7_uc.jpg]
[uploads-ssl.webflow.com/625da671132e422bfdf806ce/625dd32974d29602288a9eb5_uc.jpg]
[uploads-ssl.webflow.com/625da671132e422bfdf806ce/625dd33ed77cae328b519a2f_uc.jpg]
[uploads-ssl.webflow.com/625da671132e422bfdf806ce/625dd39ad77cae413e519c30_uc.jpg]
[uploads-ssl.webflow.com/625da671132e422bfdf806ce/625dd339a745d9f18c963f3a_uc.jpg]
[uploads-ssl.webflow.com/625da671132e422bfdf806ce/625dd361605fdc4b9a967c1b_uc.jpg]
[uploads-ssl.webflow.com/625da671132e422bfdf806ce/625dd3c8eb5db5bf9474409a_uc.jpg]
[uploads-ssl.webflow.com/625da671132e422bfdf806ce/625dd376a3f00bce325b24db_uc.jpg]
[uploads-ssl.webflow.com/625da671132e422bfdf806ce/625dd3214e696fe00804a85d_uc.jpg]
[uploads-ssl.webflow.com/625da671132e422bfdf806ce/625dd31fbfb8638ca38f5c06_uc.jpg]
[uploads-ssl.webflow.com/625da671132e422bfdf806ce/625dd3a03feab1dc132b41ec_uc.jpg]
[uploads-ssl.webflow.com/625da671132e422bfdf806ce/625dd39fd77caec964519c3c_uc.jpg]
[uploads-ssl.webflow.com/625da671132e422bfdf806ce/625dd338eac0f9080aa7536b_uc.jpg]
[uploads-ssl.webflow.com/625da671132e422bfdf806ce/625dd3bd34e6bb2710becf01_uc.jpg]
[uploads-ssl.webflow.com/625da671132e422bfdf806ce/625dd3333e532d7375030463_uc.jpg]
[uploads-ssl.webflow.com/625da671132e422bfdf806ce/625dd344c5d88437f8a59f27_uc.jpg]
[uploads-ssl.webflow.com/625da671132e422bfdf806ce/625dd32fa05d407fbf9934fe_uc.jpg]
[uploads-ssl.webflow.com/625da671132e422bfdf806ce/625dd31370f31da197c23d81_uc.jpg]
[uploads-ssl.webflow.com/625da671132e422bfdf806ce/625dd3c3c5d8842b87a5a041_uc.jpg]
[uploads-ssl.webflow.com/625da671132e422bfdf806ce/625dae4e2f9638410dc2653f_uc.jpg]
[uploads-ssl.webflow.com/625da671132e422bfdf806ce/625dd33d6eb13c4382835b6d_uc.jpg]
[uploads-ssl.webflow.com/625da671132e422bfdf806ce/625dd340b3e1787494d52b0a_uc.jpg]
[uploads-ssl.webflow.com/625da671132e422bfdf806ce/625dd369abb06c55e241cd38_uc.jpg]
[uploads-ssl.webflow.com/625da671132e422bfdf806ce/625dd3a7b3e178e08fd52d5e_uc.jpg]
[uploads-ssl.webflow.com/625da671132e422bfdf806ce/625dd3753e532dd8ad030da2_uc.jpg]
[uploads-ssl.webflow.com/625da671132e422bfdf806ce/625dd323605fdca5ff967b04_uc.jpg]
[uploads-ssl.webflow.com/625da671132e422bfdf806ce/625dd3ac34e6bb436ebeced8_uc.jpg]
[uploads-ssl.webflow.com/625da671132e422bfdf806ce/625dd35aff9efc1b048767a1_uc.jpg]
[uploads-ssl.webflow.com/625da671132e422bfdf806ce/625dae4bdd8a9caa3259ea51_uc.jpg]
[bfa2022.massartphotography.org/index1d1b.html]
[bfa2022.massartphotography.org/index1dfe.html]
[bfa2022.massartphotography.org/index1dfe.html]
